#shannon= 1.726649e+00
0 1.726649e+00
1 1.632025e+00
2 1.563751e+00
3 1.505413e+00
4 1.453564e+00
5 1.406586e+00
6 1.363537e+00
7 1.323803e+00
8 1.286954e+00
9 1.252677e+00
10 1.220730e+00
11 1.190929e+00
12 1.163124e+00
13 1.137196e+00
14 1.113048e+00
15 1.095755e+00
16 1.079787e+00
17 1.065104e+00
18 1.051673e+00
19 1.039466e+00
20 1.028464e+00
21 1.018651e+00
22 1.010018e+00
23 1.002559e+00
24 9.962725e-01
25 9.911619e-01
26 9.872335e-01
27 9.844982e-01
28 9.829706e-01
29 9.826693e-01
30 9.836174e-01
31 9.858423e-01
32 9.893766e-01
33 9.942579e-01
34 1.000530e+00
35 1.008243e+00
36 1.017455e+00
37 1.028234e+00
38 1.040656e+00
39 1.054811e+00
40 1.072006e+00
41 1.090972e+00
42 1.111854e+00
43 1.134829e+00
44 1.160115e+00
45 1.187984e+00
46 1.218788e+00
47 1.252999e+00
48 1.291280e+00
49 1.334634e+00
50 1.384762e+00
51 1.445228e+00
52 1.532670e+00
53 1.438286e+00
54 1.370085e+00
55 1.311697e+00
56 1.259692e+00
57 1.212462e+00
58 1.169073e+00
59 1.128917e+00
60 1.091571e+00
61 1.056723e+00
62 1.024139e+00
63 9.936358e-01
64 9.650682e-01
65 9.383204e-01
66 9.132985e-01
67 8.964601e-01
68 8.808295e-01
69 8.663702e-01
70 8.530532e-01
71 8.408560e-01
72 8.297619e-01
73 8.197592e-01
74 8.108410e-01
75 8.030045e-01
76 7.962513e-01
77 7.905866e-01
78 7.860195e-01
79 7.825633e-01
80 7.802347e-01
81 7.790547e-01
82 7.790485e-01
83 7.802457e-01
84 7.826811e-01
85 7.863945e-01
86 7.914319e-01
87 7.978458e-01
88 8.056969e-01
89 8.150543e-01
90 8.259983e-01
91 8.386212e-01
92 8.546010e-01
93 8.722480e-01
94 8.917101e-01
95 9.131659e-01
96 9.368347e-01
97 9.629918e-01
98 9.919927e-01
99 1.024313e+00
100 1.060621e+00
101 1.101927e+00
102 1.149940e+00
103 1.208238e+00
104 1.293475e+00
105 1.199611e+00
106 1.131662e+00
107 1.073326e+00
108 1.021199e+00
109 9.736900e-01
110 9.298777e-01
111 8.891642e-01
112 8.511335e-01
113 8.154817e-01
114 7.819795e-01
115 7.504495e-01
116 7.207516e-01
117 6.927746e-01
118 6.664289e-01
119 6.505693e-01
120 6.357253e-01
121 6.218674e-01
122 6.089727e-01
123 5.970241e-01
124 5.860098e-01
125 5.759226e-01
126 5.667595e-01
127 5.585216e-01
128 5.512137e-01
129 5.448444e-01
130 5.394259e-01
131 5.349741e-01
132 5.315088e-01
133 5.290537e-01
134 5.276367e-01
135 5.272902e-01
136 5.280514e-01
137 5.299631e-01
138 5.330740e-01
139 5.374398e-01
140 5.431241e-01
141 5.501995e-01
142 5.587496e-01
143 5.688708e-01
144 5.829429e-01
145 5.984847e-01
146 6.156451e-01
147 6.346045e-01
148 6.555842e-01
149 6.788625e-01
150 7.047988e-01
151 7.338739e-01
152 7.667640e-01
153 8.044902e-01
154 8.487776e-01
155 9.032299e-01
156 9.845282e-01
157 8.921606e-01
158 8.252017e-01
159 7.674808e-01
160 7.156448e-01
161 6.681328e-01
162 6.240447e-01
163 5.827991e-01
164 5.439930e-01
165 5.073335e-01
166 4.726008e-01
167 4.396256e-01
168 4.082757e-01
169 3.784466e-01
170 3.500554e-01
171 3.371211e-01
172 3.248540e-01
173 3.132350e-01
174 3.022498e-01
175 2.918889e-01
176 2.821467e-01
177 2.730214e-01
178 2.645145e-01
179 2.566310e-01
180 2.493790e-01
181 2.427699e-01
182 2.368183e-01
183 2.315423e-01
184 2.269634e-01
185 2.231071e-01
186 2.200027e-01
187 2.176842e-01
188 2.161904e-01
189 2.155656e-01
190 2.158605e-01
191 2.171328e-01
192 2.194486e-01
193 2.228836e-01
194 2.275250e-01
195 2.334740e-01
196 2.449298e-01
197 2.573800e-01
198 2.709659e-01
199 2.858603e-01
200 3.022781e-01
